<?xml version="1.0" encoding="UTF-8"?>
<!-- Generated by org.testng.reporters.JUnitReportReporter -->
<testsuite skipped="0" hostname="selenium-PC" name="com.searchmodule.test.SearchTest" tests="2" failures="0" timestamp="09 Apr 2019 14:42:48 GMT" time="31.740" errors="0">
  <testcase name="search" time="17.750" classname="com.searchmodule.test.SearchTest"/>
  <testcase name="search" time="13.990" classname="com.searchmodule.test.SearchTest"/>
</testsuite> <!-- com.searchmodule.test.SearchTest -->
