<?xml version="1.0" encoding="UTF-8"?>
<!-- Generated by org.testng.reporters.JUnitReportReporter -->
<testsuite skipped="0" hostname="selenium-PC" name="com.newtours.tests.BookFlightTest" tests="5" failures="0" timestamp="09 Apr 2019 10:53:53 GMT" time="59.127" errors="0">
  <testcase name="flightConfirmationPage" time="4.727" classname="com.newtours.tests.BookFlightTest"/>
  <testcase name="registrationConfirmationPage" time="12.212" classname="com.newtours.tests.BookFlightTest"/>
  <testcase name="flightDetailsPage" time="6.159" classname="com.newtours.tests.BookFlightTest"/>
  <testcase name="registrationPage" time="24.237" classname="com.newtours.tests.BookFlightTest"/>
  <testcase name="findFlightPage" time="11.792" classname="com.newtours.tests.BookFlightTest"/>
</testsuite> <!-- com.newtours.tests.BookFlightTest -->
