<?xml version="1.0" encoding="UTF-8"?>
<!-- Generated by org.testng.reporters.JUnitReportReporter -->
<testsuite skipped="0" hostname="selenium-PC" name="SauceLabsWeb" tests="1" failures="0" timestamp="06 Apr 2019 18:35:08 GMT" time="14.853" errors="0">
  <testcase name="Windows" time="14.853" classname="SauceLabsWeb"/>
</testsuite> <!-- SauceLabsWeb -->
